{"/Users/a1q7vgk4/RNExamples/JestExampleWork/App.js": {"path":"/Users/a1q7vgk4/RNExamples/JestExampleWork/App.js","statementMap":{"0":{"start":{"line":29,"column":4},"end":{"line":33,"column":6}},"1":{"start":{"line":36,"column":4},"end":{"line":36,"column":35}},"2":{"start":{"line":40,"column":15},"end":{"line":77,"column":2}}},"fnMap":{"0":{"name":"(anonymous_0)","decl":{"start":{"line":28,"column":2},"end":{"line":28,"column":3}},"loc":{"start":{"line":28,"column":11},"end":{"line":34,"column":3}},"line":28},"1":{"name":"(anonymous_1)","decl":{"start":{"line":35,"column":2},"end":{"line":35,"column":3}},"loc":{"start":{"line":35,"column":25},"end":{"line":37,"column":3}},"line":35}},"branchMap":{},"s":{"0":2,"1":1,"2":1},"f":{"0":2,"1":1},"b":{},"_coverageSchema":"1a1c01bbd47fc00a2c39e90264f33305004495a9","hash":"b21576be7b6c3c5814e6f288be046cf6310e845e"}
}
